[debug] [2023-03-29T17:21:57.605Z] ----------------------------------------------------------------------
[debug] [2023-03-29T17:21:57.610Z] Command:       C:\Program Files\nodejs\node.exe C:\Program Files\nodejs\node_modules\firebase-tools\lib\bin\firebase.js init
[debug] [2023-03-29T17:21:57.611Z] CLI Version:   11.24.1
[debug] [2023-03-29T17:21:57.611Z] Platform:      win32
[debug] [2023-03-29T17:21:57.611Z] Node Version:  v16.18.0
[debug] [2023-03-29T17:21:57.613Z] Time:          Wed Mar 29 2023 22:51:57 GMT+0530 (India Standard Time)
[debug] [2023-03-29T17:21:57.614Z] ----------------------------------------------------------------------
[debug] 
[debug] [2023-03-29T17:21:57.632Z] > command requires scopes: ["email","openid","https://www.googleapis.com/auth/cloudplatformprojects.readonly","https://www.googleapis.com/auth/firebase","https://www.googleapis.com/auth/cloud-platform"]
[debug] [2023-03-29T17:21:57.634Z] > authorizing via signed-in user (ritikpal098@gmail.com)
[info] 
     ######## #### ########  ######## ########     ###     ######  ########
     ##        ##  ##     ## ##       ##     ##  ##   ##  ##       ##
     ######    ##  ########  ######   ########  #########  ######  ######
     ##        ##  ##    ##  ##       ##     ## ##     ##       ## ##
     ##       #### ##     ## ######## ########  ##     ##  ######  ########

You're about to initialize a Firebase project in this directory:

  C:\Workspace\GDSC\gadget-grave

Before we get started, keep in mind:

  * You are currently outside your home directory

[info] 
=== Project Setup
[info] 
[info] First, let's associate this project directory with a Firebase project.
[info] You can create multiple project aliases by running firebase use --add, 
[info] but for now we'll just set up a default project.
[info] 
